<?xml version="1.0" encoding="UTF-8"?>
<testsuite xmlns:xsi="http://www.w3.org/2001/XMLSchema-instance" xsi:noNamespaceSchemaLocation="https://maven.apache.org/surefire/maven-surefire-plugin/xsd/surefire-test-report.xsd" version="3.0.2" name="com.softwaretestingboard.magento.runners.TestRunner" time="54.103" tests="5" errors="0" skipped="0" failures="0">
  <properties>
    <property name="java.specification.version" value="17"/>
    <property name="sun.cpu.isalist" value="amd64"/>
    <property name="sun.jnu.encoding" value="Cp1252"/>
    <property name="java.class.path" value="C:\Users\U741083\Documents\Java Projects\testAutomationProject\target\test-classes;C:\Users\U741083\Documents\Java Projects\testAutomationProject\target\classes;C:\Users\U741083\.m2\repository\org\testng\testng\7.10.2\testng-7.10.2.jar;C:\Users\U741083\.m2\repository\org\slf4j\slf4j-api\1.7.36\slf4j-api-1.7.36.jar;C:\Users\U741083\.m2\repository\com\beust\jcommander\1.82\jcommander-1.82.jar;C:\Users\U741083\.m2\repository\org\webjars\jquery\3.7.1\jquery-3.7.1.jar;C:\Users\U741083\.m2\repository\org\seleniumhq\selenium\selenium-java\4.23.0\selenium-java-4.23.0.jar;C:\Users\U741083\.m2\repository\org\seleniumhq\selenium\selenium-api\4.23.0\selenium-api-4.23.0.jar;C:\Users\U741083\.m2\repository\org\seleniumhq\selenium\selenium-chrome-driver\4.23.0\selenium-chrome-driver-4.23.0.jar;C:\Users\U741083\.m2\repository\com\google\auto\service\auto-service-annotations\1.1.1\auto-service-annotations-1.1.1.jar;C:\Users\U741083\.m2\repository\org\seleniumhq\selenium\selenium-chromium-driver\4.23.0\selenium-chromium-driver-4.23.0.jar;C:\Users\U741083\.m2\repository\org\seleniumhq\selenium\selenium-json\4.23.0\selenium-json-4.23.0.jar;C:\Users\U741083\.m2\repository\org\seleniumhq\selenium\selenium-manager\4.23.0\selenium-manager-4.23.0.jar;C:\Users\U741083\.m2\repository\org\seleniumhq\selenium\selenium-devtools-v125\4.23.0\selenium-devtools-v125-4.23.0.jar;C:\Users\U741083\.m2\repository\org\seleniumhq\selenium\selenium-devtools-v126\4.23.0\selenium-devtools-v126-4.23.0.jar;C:\Users\U741083\.m2\repository\org\seleniumhq\selenium\selenium-devtools-v127\4.23.0\selenium-devtools-v127-4.23.0.jar;C:\Users\U741083\.m2\repository\org\seleniumhq\selenium\selenium-devtools-v85\4.23.0\selenium-devtools-v85-4.23.0.jar;C:\Users\U741083\.m2\repository\org\seleniumhq\selenium\selenium-edge-driver\4.23.0\selenium-edge-driver-4.23.0.jar;C:\Users\U741083\.m2\repository\org\seleniumhq\selenium\selenium-firefox-driver\4.23.0\selenium-firefox-driver-4.23.0.jar;C:\Users\U741083\.m2\repository\org\seleniumhq\selenium\selenium-http\4.23.0\selenium-http-4.23.0.jar;C:\Users\U741083\.m2\repository\dev\failsafe\failsafe\3.3.2\failsafe-3.3.2.jar;C:\Users\U741083\.m2\repository\org\seleniumhq\selenium\selenium-ie-driver\4.23.0\selenium-ie-driver-4.23.0.jar;C:\Users\U741083\.m2\repository\org\seleniumhq\selenium\selenium-remote-driver\4.23.0\selenium-remote-driver-4.23.0.jar;C:\Users\U741083\.m2\repository\com\google\guava\guava\33.2.1-jre\guava-33.2.1-jre.jar;C:\Users\U741083\.m2\repository\com\google\guava\failureaccess\1.0.2\failureaccess-1.0.2.jar;C:\Users\U741083\.m2\repository\com\google\guava\listenablefuture\9999.0-empty-to-avoid-conflict-with-guava\listenablefuture-9999.0-empty-to-avoid-conflict-with-guava.jar;C:\Users\U741083\.m2\repository\com\google\code\findbugs\jsr305\3.0.2\jsr305-3.0.2.jar;C:\Users\U741083\.m2\repository\org\checkerframework\checker-qual\3.42.0\checker-qual-3.42.0.jar;C:\Users\U741083\.m2\repository\com\google\errorprone\error_prone_annotations\2.26.1\error_prone_annotations-2.26.1.jar;C:\Users\U741083\.m2\repository\com\google\j2objc\j2objc-annotations\3.0.0\j2objc-annotations-3.0.0.jar;C:\Users\U741083\.m2\repository\io\opentelemetry\semconv\opentelemetry-semconv\1.25.0-alpha\opentelemetry-semconv-1.25.0-alpha.jar;C:\Users\U741083\.m2\repository\io\opentelemetry\opentelemetry-api\1.40.0\opentelemetry-api-1.40.0.jar;C:\Users\U741083\.m2\repository\io\opentelemetry\opentelemetry-context\1.40.0\opentelemetry-context-1.40.0.jar;C:\Users\U741083\.m2\repository\io\opentelemetry\opentelemetry-exporter-logging\1.40.0\opentelemetry-exporter-logging-1.40.0.jar;C:\Users\U741083\.m2\repository\io\opentelemetry\opentelemetry-sdk-common\1.40.0\opentelemetry-sdk-common-1.40.0.jar;C:\Users\U741083\.m2\repository\io\opentelemetry\opentelemetry-sdk-extension-autoconfigure-spi\1.40.0\opentelemetry-sdk-extension-autoconfigure-spi-1.40.0.jar;C:\Users\U741083\.m2\repository\io\opentelemetry\opentelemetry-sdk-extension-autoconfigure\1.40.0\opentelemetry-sdk-extension-autoconfigure-1.40.0.jar;C:\Users\U741083\.m2\repository\io\opentelemetry\opentelemetry-api-incubator\1.40.0-alpha\opentelemetry-api-incubator-1.40.0-alpha.jar;C:\Users\U741083\.m2\repository\io\opentelemetry\opentelemetry-sdk-trace\1.40.0\opentelemetry-sdk-trace-1.40.0.jar;C:\Users\U741083\.m2\repository\io\opentelemetry\opentelemetry-sdk\1.40.0\opentelemetry-sdk-1.40.0.jar;C:\Users\U741083\.m2\repository\io\opentelemetry\opentelemetry-sdk-metrics\1.40.0\opentelemetry-sdk-metrics-1.40.0.jar;C:\Users\U741083\.m2\repository\io\opentelemetry\opentelemetry-sdk-logs\1.40.0\opentelemetry-sdk-logs-1.40.0.jar;C:\Users\U741083\.m2\repository\net\bytebuddy\byte-buddy\1.14.18\byte-buddy-1.14.18.jar;C:\Users\U741083\.m2\repository\org\seleniumhq\selenium\selenium-os\4.23.0\selenium-os-4.23.0.jar;C:\Users\U741083\.m2\repository\org\apache\commons\commons-exec\1.4.0\commons-exec-1.4.0.jar;C:\Users\U741083\.m2\repository\org\seleniumhq\selenium\selenium-safari-driver\4.23.0\selenium-safari-driver-4.23.0.jar;C:\Users\U741083\.m2\repository\org\seleniumhq\selenium\selenium-support\4.23.0\selenium-support-4.23.0.jar;C:\Users\U741083\.m2\repository\io\cucumber\cucumber-java\7.18.1\cucumber-java-7.18.1.jar;C:\Users\U741083\.m2\repository\io\cucumber\cucumber-core\7.18.1\cucumber-core-7.18.1.jar;C:\Users\U741083\.m2\repository\io\cucumber\cucumber-gherkin\7.18.1\cucumber-gherkin-7.18.1.jar;C:\Users\U741083\.m2\repository\io\cucumber\cucumber-gherkin-messages\7.18.1\cucumber-gherkin-messages-7.18.1.jar;C:\Users\U741083\.m2\repository\io\cucumber\gherkin\28.0.0\gherkin-28.0.0.jar;C:\Users\U741083\.m2\repository\io\cucumber\messages\24.1.0\messages-24.1.0.jar;C:\Users\U741083\.m2\repository\io\cucumber\testng-xml-formatter\0.2.0\testng-xml-formatter-0.2.0.jar;C:\Users\U741083\.m2\repository\io\cucumber\query\12.2.0\query-12.2.0.jar;C:\Users\U741083\.m2\repository\io\cucumber\tag-expressions\6.1.0\tag-expressions-6.1.0.jar;C:\Users\U741083\.m2\repository\io\cucumber\cucumber-expressions\17.1.0\cucumber-expressions-17.1.0.jar;C:\Users\U741083\.m2\repository\io\cucumber\datatable\7.18.1\datatable-7.18.1.jar;C:\Users\U741083\.m2\repository\io\cucumber\cucumber-plugin\7.18.1\cucumber-plugin-7.18.1.jar;C:\Users\U741083\.m2\repository\io\cucumber\docstring\7.18.1\docstring-7.18.1.jar;C:\Users\U741083\.m2\repository\io\cucumber\html-formatter\21.4.1\html-formatter-21.4.1.jar;C:\Users\U741083\.m2\repository\io\cucumber\junit-xml-formatter\0.5.0\junit-xml-formatter-0.5.0.jar;C:\Users\U741083\.m2\repository\io\cucumber\ci-environment\10.0.1\ci-environment-10.0.1.jar;C:\Users\U741083\.m2\repository\org\apiguardian\apiguardian-api\1.1.2\apiguardian-api-1.1.2.jar;C:\Users\U741083\.m2\repository\io\cucumber\cucumber-testng\7.18.1\cucumber-testng-7.18.1.jar;"/>
    <property name="java.vm.vendor" value="Oracle Corporation"/>
    <property name="sun.arch.data.model" value="64"/>
    <property name="user.variant" value=""/>
    <property name="java.vendor.url" value="https://java.oracle.com/"/>
    <property name="user.timezone" value="Europe/Berlin"/>
    <property name="os.name" value="Windows 10"/>
    <property name="java.vm.specification.version" value="17"/>
    <property name="sun.java.launcher" value="SUN_STANDARD"/>
    <property name="user.country" value="US"/>
    <property name="sun.boot.library.path" value="C:\Program Files\Java\jdk-17\bin"/>
    <property name="sun.java.command" value="C:\Users\U741083\AppData\Local\Temp\surefire10567518756544491038\surefirebooter-20240801225209817_3.jar C:\Users\U741083\AppData\Local\Temp\surefire10567518756544491038 2024-08-01T22-52-09_712-jvmRun1 surefire-20240801225209817_1tmp surefire_0-20240801225209817_2tmp"/>
    <property name="jdk.debug" value="release"/>
    <property name="surefire.test.class.path" value="C:\Users\U741083\Documents\Java Projects\testAutomationProject\target\test-classes;C:\Users\U741083\Documents\Java Projects\testAutomationProject\target\classes;C:\Users\U741083\.m2\repository\org\testng\testng\7.10.2\testng-7.10.2.jar;C:\Users\U741083\.m2\repository\org\slf4j\slf4j-api\1.7.36\slf4j-api-1.7.36.jar;C:\Users\U741083\.m2\repository\com\beust\jcommander\1.82\jcommander-1.82.jar;C:\Users\U741083\.m2\repository\org\webjars\jquery\3.7.1\jquery-3.7.1.jar;C:\Users\U741083\.m2\repository\org\seleniumhq\selenium\selenium-java\4.23.0\selenium-java-4.23.0.jar;C:\Users\U741083\.m2\repository\org\seleniumhq\selenium\selenium-api\4.23.0\selenium-api-4.23.0.jar;C:\Users\U741083\.m2\repository\org\seleniumhq\selenium\selenium-chrome-driver\4.23.0\selenium-chrome-driver-4.23.0.jar;C:\Users\U741083\.m2\repository\com\google\auto\service\auto-service-annotations\1.1.1\auto-service-annotations-1.1.1.jar;C:\Users\U741083\.m2\repository\org\seleniumhq\selenium\selenium-chromium-driver\4.23.0\selenium-chromium-driver-4.23.0.jar;C:\Users\U741083\.m2\repository\org\seleniumhq\selenium\selenium-json\4.23.0\selenium-json-4.23.0.jar;C:\Users\U741083\.m2\repository\org\seleniumhq\selenium\selenium-manager\4.23.0\selenium-manager-4.23.0.jar;C:\Users\U741083\.m2\repository\org\seleniumhq\selenium\selenium-devtools-v125\4.23.0\selenium-devtools-v125-4.23.0.jar;C:\Users\U741083\.m2\repository\org\seleniumhq\selenium\selenium-devtools-v126\4.23.0\selenium-devtools-v126-4.23.0.jar;C:\Users\U741083\.m2\repository\org\seleniumhq\selenium\selenium-devtools-v127\4.23.0\selenium-devtools-v127-4.23.0.jar;C:\Users\U741083\.m2\repository\org\seleniumhq\selenium\selenium-devtools-v85\4.23.0\selenium-devtools-v85-4.23.0.jar;C:\Users\U741083\.m2\repository\org\seleniumhq\selenium\selenium-edge-driver\4.23.0\selenium-edge-driver-4.23.0.jar;C:\Users\U741083\.m2\repository\org\seleniumhq\selenium\selenium-firefox-driver\4.23.0\selenium-firefox-driver-4.23.0.jar;C:\Users\U741083\.m2\repository\org\seleniumhq\selenium\selenium-http\4.23.0\selenium-http-4.23.0.jar;C:\Users\U741083\.m2\repository\dev\failsafe\failsafe\3.3.2\failsafe-3.3.2.jar;C:\Users\U741083\.m2\repository\org\seleniumhq\selenium\selenium-ie-driver\4.23.0\selenium-ie-driver-4.23.0.jar;C:\Users\U741083\.m2\repository\org\seleniumhq\selenium\selenium-remote-driver\4.23.0\selenium-remote-driver-4.23.0.jar;C:\Users\U741083\.m2\repository\com\google\guava\guava\33.2.1-jre\guava-33.2.1-jre.jar;C:\Users\U741083\.m2\repository\com\google\guava\failureaccess\1.0.2\failureaccess-1.0.2.jar;C:\Users\U741083\.m2\repository\com\google\guava\listenablefuture\9999.0-empty-to-avoid-conflict-with-guava\listenablefuture-9999.0-empty-to-avoid-conflict-with-guava.jar;C:\Users\U741083\.m2\repository\com\google\code\findbugs\jsr305\3.0.2\jsr305-3.0.2.jar;C:\Users\U741083\.m2\repository\org\checkerframework\checker-qual\3.42.0\checker-qual-3.42.0.jar;C:\Users\U741083\.m2\repository\com\google\errorprone\error_prone_annotations\2.26.1\error_prone_annotations-2.26.1.jar;C:\Users\U741083\.m2\repository\com\google\j2objc\j2objc-annotations\3.0.0\j2objc-annotations-3.0.0.jar;C:\Users\U741083\.m2\repository\io\opentelemetry\semconv\opentelemetry-semconv\1.25.0-alpha\opentelemetry-semconv-1.25.0-alpha.jar;C:\Users\U741083\.m2\repository\io\opentelemetry\opentelemetry-api\1.40.0\opentelemetry-api-1.40.0.jar;C:\Users\U741083\.m2\repository\io\opentelemetry\opentelemetry-context\1.40.0\opentelemetry-context-1.40.0.jar;C:\Users\U741083\.m2\repository\io\opentelemetry\opentelemetry-exporter-logging\1.40.0\opentelemetry-exporter-logging-1.40.0.jar;C:\Users\U741083\.m2\repository\io\opentelemetry\opentelemetry-sdk-common\1.40.0\opentelemetry-sdk-common-1.40.0.jar;C:\Users\U741083\.m2\repository\io\opentelemetry\opentelemetry-sdk-extension-autoconfigure-spi\1.40.0\opentelemetry-sdk-extension-autoconfigure-spi-1.40.0.jar;C:\Users\U741083\.m2\repository\io\opentelemetry\opentelemetry-sdk-extension-autoconfigure\1.40.0\opentelemetry-sdk-extension-autoconfigure-1.40.0.jar;C:\Users\U741083\.m2\repository\io\opentelemetry\opentelemetry-api-incubator\1.40.0-alpha\opentelemetry-api-incubator-1.40.0-alpha.jar;C:\Users\U741083\.m2\repository\io\opentelemetry\opentelemetry-sdk-trace\1.40.0\opentelemetry-sdk-trace-1.40.0.jar;C:\Users\U741083\.m2\repository\io\opentelemetry\opentelemetry-sdk\1.40.0\opentelemetry-sdk-1.40.0.jar;C:\Users\U741083\.m2\repository\io\opentelemetry\opentelemetry-sdk-metrics\1.40.0\opentelemetry-sdk-metrics-1.40.0.jar;C:\Users\U741083\.m2\repository\io\opentelemetry\opentelemetry-sdk-logs\1.40.0\opentelemetry-sdk-logs-1.40.0.jar;C:\Users\U741083\.m2\repository\net\bytebuddy\byte-buddy\1.14.18\byte-buddy-1.14.18.jar;C:\Users\U741083\.m2\repository\org\seleniumhq\selenium\selenium-os\4.23.0\selenium-os-4.23.0.jar;C:\Users\U741083\.m2\repository\org\apache\commons\commons-exec\1.4.0\commons-exec-1.4.0.jar;C:\Users\U741083\.m2\repository\org\seleniumhq\selenium\selenium-safari-driver\4.23.0\selenium-safari-driver-4.23.0.jar;C:\Users\U741083\.m2\repository\org\seleniumhq\selenium\selenium-support\4.23.0\selenium-support-4.23.0.jar;C:\Users\U741083\.m2\repository\io\cucumber\cucumber-java\7.18.1\cucumber-java-7.18.1.jar;C:\Users\U741083\.m2\repository\io\cucumber\cucumber-core\7.18.1\cucumber-core-7.18.1.jar;C:\Users\U741083\.m2\repository\io\cucumber\cucumber-gherkin\7.18.1\cucumber-gherkin-7.18.1.jar;C:\Users\U741083\.m2\repository\io\cucumber\cucumber-gherkin-messages\7.18.1\cucumber-gherkin-messages-7.18.1.jar;C:\Users\U741083\.m2\repository\io\cucumber\gherkin\28.0.0\gherkin-28.0.0.jar;C:\Users\U741083\.m2\repository\io\cucumber\messages\24.1.0\messages-24.1.0.jar;C:\Users\U741083\.m2\repository\io\cucumber\testng-xml-formatter\0.2.0\testng-xml-formatter-0.2.0.jar;C:\Users\U741083\.m2\repository\io\cucumber\query\12.2.0\query-12.2.0.jar;C:\Users\U741083\.m2\repository\io\cucumber\tag-expressions\6.1.0\tag-expressions-6.1.0.jar;C:\Users\U741083\.m2\repository\io\cucumber\cucumber-expressions\17.1.0\cucumber-expressions-17.1.0.jar;C:\Users\U741083\.m2\repository\io\cucumber\datatable\7.18.1\datatable-7.18.1.jar;C:\Users\U741083\.m2\repository\io\cucumber\cucumber-plugin\7.18.1\cucumber-plugin-7.18.1.jar;C:\Users\U741083\.m2\repository\io\cucumber\docstring\7.18.1\docstring-7.18.1.jar;C:\Users\U741083\.m2\repository\io\cucumber\html-formatter\21.4.1\html-formatter-21.4.1.jar;C:\Users\U741083\.m2\repository\io\cucumber\junit-xml-formatter\0.5.0\junit-xml-formatter-0.5.0.jar;C:\Users\U741083\.m2\repository\io\cucumber\ci-environment\10.0.1\ci-environment-10.0.1.jar;C:\Users\U741083\.m2\repository\org\apiguardian\apiguardian-api\1.1.2\apiguardian-api-1.1.2.jar;C:\Users\U741083\.m2\repository\io\cucumber\cucumber-testng\7.18.1\cucumber-testng-7.18.1.jar;"/>
    <property name="sun.cpu.endian" value="little"/>
    <property name="user.home" value="C:\Users\U741083"/>
    <property name="user.language" value="en"/>
    <property name="java.specification.vendor" value="Oracle Corporation"/>
    <property name="java.version.date" value="2023-04-18"/>
    <property name="java.home" value="C:\Program Files\Java\jdk-17"/>
    <property name="file.separator" value="\"/>
    <property name="basedir" value="C:\Users\U741083\Documents\Java Projects\testAutomationProject"/>
    <property name="java.vm.compressedOopsMode" value="Zero based"/>
    <property name="line.separator" value="&#10;"/>
    <property name="java.vm.specification.vendor" value="Oracle Corporation"/>
    <property name="java.specification.name" value="Java Platform API Specification"/>
    <property name="surefire.real.class.path" value="C:\Users\U741083\AppData\Local\Temp\surefire10567518756544491038\surefirebooter-20240801225209817_3.jar"/>
    <property name="user.script" value=""/>
    <property name="sun.management.compiler" value="HotSpot 64-Bit Tiered Compilers"/>
    <property name="java.runtime.version" value="17.0.7+8-LTS-224"/>
    <property name="user.name" value="U741083"/>
    <property name="path.separator" value=";"/>
    <property name="os.version" value="10.0"/>
    <property name="java.runtime.name" value="Java(TM) SE Runtime Environment"/>
    <property name="file.encoding" value="Cp1252"/>
    <property name="java.vm.name" value="Java HotSpot(TM) 64-Bit Server VM"/>
    <property name="localRepository" value="C:\Users\U741083\.m2\repository"/>
    <property name="java.vendor.url.bug" value="https://bugreport.java.com/bugreport/"/>
    <property name="java.io.tmpdir" value="C:\Users\U741083\AppData\Local\Temp\"/>
    <property name="idea.version" value="2022.2.3"/>
    <property name="java.version" value="17.0.7"/>
    <property name="user.dir" value="C:\Users\U741083\Documents\Java Projects\testAutomationProject"/>
    <property name="os.arch" value="amd64"/>
    <property name="java.vm.specification.name" value="Java Virtual Machine Specification"/>
    <property name="sun.os.patch.level" value=""/>
    <property name="native.encoding" value="Cp1252"/>
    <property name="java.library.path" value="C:\Program Files\Java\jdk-17\bin;C:\Windows\Sun\Java\bin;C:\Windows\system32;C:\Windows;C:\Program Files\Common Files\Oracle\Java\javapath;C:\Program Files (x86)\Common Files\Oracle\Java\java8path;C:\Program Files (x86)\Common Files\Oracle\Java\javapath;C:\ProgramData\Oracle\Java\javapath;C:\Windows\system32;C:\Windows;C:\Windows\System32\Wbem;C:\Windows\System32\WindowsPowerShell\v1.0\;C:\Windows\System32\OpenSSH\;C:\Program Files\WindowsPowerShell\Scripts\HP.ClientScriptLibrary;C:\Program Files (x86)\Microsoft SQL Server\160\Tools\Binn\;C:\Program Files\Microsoft SQL Server\160\Tools\Binn\;C:\Program Files\Microsoft SQL Server\Client SDK\ODBC\170\Tools\Binn\;C:\Program Files\Microsoft SQL Server\160\DTS\Binn\;C:\Program Files (x86)\Microsoft SQL Server\160\DTS\Binn\;C:\Program Files\Azure Data Studio\bin;C:\Program Files\Microsoft SQL Server\150\Tools\Binn\;C:\Program Files\dotnet\;C:\Users\U741083\src\flutter\bin;C:\Program Files\Docker\Docker\resources\bin;C:\Program Files\nodejs\;C:\Program Files\Git\cmd;C:\Users\U741083\AppData\Local\Programs\Python\Python310\Scripts\;C:\Users\U741083\AppData\Local\Programs\Python\Python310\;C:\Users\U741083\AppData\Local\Microsoft\WindowsApps;C:\Program Files\Azure Data Studio\bin;C:\Users\U741083\AppData\Local\Programs\Microsoft VS Code\bin;C:\Users\U741083\src\flutter\bin;C:\Users\U741083\Downloads\spring-3.0.6\bin;C:\Users\U741083\Downloads\apache-maven-3.9.2\bin;C:\Users\U741083\AppData\Roaming\npm;C:\Users\U741083\.dotnet\tools;."/>
    <property name="java.vm.info" value="mixed mode, sharing"/>
    <property name="java.vendor" value="Oracle Corporation"/>
    <property name="java.vm.version" value="17.0.7+8-LTS-224"/>
    <property name="sun.io.unicode.encoding" value="UnicodeLittle"/>
    <property name="java.class.version" value="61.0"/>
  </properties>
  <testcase name="runScenario[&quot;User creates an account successfully&quot;, &quot;Create Account Test&quot;](1)" classname="com.softwaretestingboard.magento.runners.TestRunner" time="9.553">
    <system-out><![CDATA[
Scenario: User creates an account successfully    # src/test/resources/features/01_CreateAccountTest.feature:2
  Given I am on the home page                     # com.softwaretestingboard.magento.steps.common.CommonSteps.i_am_on_the_home_page()
  When I navigate to the create account page      # com.softwaretestingboard.magento.steps.CreateAccountSteps.i_navigate_to_the_create_account_page()
  Then I should see the create account page title # com.softwaretestingboard.magento.steps.CreateAccountSteps.i_should_see_the_create_account_page_title()
  When I fill in the account details              # com.softwaretestingboard.magento.steps.CreateAccountSteps.i_fill_in_the_account_details()
  And I click the create account button           # com.softwaretestingboard.magento.steps.CreateAccountSteps.i_click_the_create_account_button()
  Then I should see the success message           # com.softwaretestingboard.magento.steps.CreateAccountSteps.i_should_see_the_success_message()
  And I should be redirected to the account page  # com.softwaretestingboard.magento.steps.CreateAccountSteps.i_should_be_redirected_to_the_account_page()
  Then I sign out                                 # com.softwaretestingboard.magento.steps.common.CommonSteps.i_sign_out()
]]></system-out>
    <system-err><![CDATA[SLF4J: Failed to load class "org.slf4j.impl.StaticLoggerBinder".
SLF4J: Defaulting to no-operation (NOP) logger implementation
SLF4J: See http://www.slf4j.org/codes.html#StaticLoggerBinder for further details.
]]></system-err>
  </testcase>
  <testcase name="runScenario[&quot;User signs in and signs out successfully&quot;, &quot;Sign In Test&quot;](2)" classname="com.softwaretestingboard.magento.runners.TestRunner" time="8.399">
    <system-out><![CDATA[
Scenario: User signs in and signs out successfully # src/test/resources/features/02_SignInTest.feature:2
  Given I am on the home page                      # com.softwaretestingboard.magento.steps.common.CommonSteps.i_am_on_the_home_page()
  When I sign in                                   # com.softwaretestingboard.magento.steps.common.CommonSteps.i_sign_in()
  Then I should see my username displayed          # com.softwaretestingboard.magento.steps.SignInSteps.i_should_see_my_username_displayed()
  Then I sign out                                  # com.softwaretestingboard.magento.steps.common.CommonSteps.i_sign_out()
]]></system-out>
  </testcase>
  <testcase name="runScenario[&quot;Verify page filters functionality&quot;, &quot;Check page filters and wish list&quot;](3)" classname="com.softwaretestingboard.magento.runners.TestRunner" time="9.158">
    <system-out><![CDATA[
Scenario: Verify page filters functionality                                        # src/test/resources/features/03_CheckPageFiltersAndWishListTest.feature:8
  Given I am on the home page                                                      # com.softwaretestingboard.magento.steps.common.CommonSteps.i_am_on_the_home_page()
  And I sign in                                                                    # com.softwaretestingboard.magento.steps.common.CommonSteps.i_sign_in()
  When I hover the Women dropdown on the store menu                                # com.softwaretestingboard.magento.steps.CheckPageFiltersSteps.i_hover_the_women_dropdown_on_the_store_menu()
  And I hover over the Tops dropdown                                               # com.softwaretestingboard.magento.steps.CheckPageFiltersSteps.i_hover_over_the_tops_dropdown()
  And I click on the Jacket menu option                                            # com.softwaretestingboard.magento.steps.CheckPageFiltersSteps.i_click_on_the_jacket_menu_option()
  And I click on the Color menu option                                             # com.softwaretestingboard.magento.steps.CheckPageFiltersSteps.i_click_on_the_color_menu_option()
  And I choose a color                                                             # com.softwaretestingboard.magento.steps.CheckPageFiltersSteps.i_choose_a_color()
  Then I should see all displayed products with the selected color bordered in red # com.softwaretestingboard.magento.steps.CheckPageFiltersSteps.i_should_see_all_displayed_products_with_the_selected_color_bordered_in_red()
  When I click on the Price dropdown and select the first option                   # com.softwaretestingboard.magento.steps.CheckPageFiltersSteps.i_click_on_the_price_dropdown_and_select_the_first_option()
  And I check each displayed product should have a price within the range selected # com.softwaretestingboard.magento.steps.CheckPageFiltersSteps.i_check_displayed_products_prices()
]]></system-out>
  </testcase>
  <testcase name="runScenario[&quot;Add items in the wish list&quot;, &quot;Wish list test&quot;](4)" classname="com.softwaretestingboard.magento.runners.TestRunner" time="12.517">
    <system-out><![CDATA[
Scenario: Add items in the wish list                                               # src/test/resources/features/04_WishListTest.feature:16
  Given I am on the home page                                                      # com.softwaretestingboard.magento.steps.common.CommonSteps.i_am_on_the_home_page()
  And I sign in                                                                    # com.softwaretestingboard.magento.steps.common.CommonSteps.i_sign_in()
  When I hover the Women dropdown on the store menu                                # com.softwaretestingboard.magento.steps.CheckPageFiltersSteps.i_hover_the_women_dropdown_on_the_store_menu()
  And I hover over the Tops dropdown                                               # com.softwaretestingboard.magento.steps.CheckPageFiltersSteps.i_hover_over_the_tops_dropdown()
  And I click on the Jacket menu option                                            # com.softwaretestingboard.magento.steps.CheckPageFiltersSteps.i_click_on_the_jacket_menu_option()
  And I click on the Color menu option                                             # com.softwaretestingboard.magento.steps.CheckPageFiltersSteps.i_click_on_the_color_menu_option()
  And I choose a color                                                             # com.softwaretestingboard.magento.steps.CheckPageFiltersSteps.i_choose_a_color()
  Then I should see all displayed products with the selected color bordered in red # com.softwaretestingboard.magento.steps.CheckPageFiltersSteps.i_should_see_all_displayed_products_with_the_selected_color_bordered_in_red()
  When I click on the Price dropdown and select the first option                   # com.softwaretestingboard.magento.steps.CheckPageFiltersSteps.i_click_on_the_price_dropdown_and_select_the_first_option()
  And I check each displayed product should have a price within the range selected # com.softwaretestingboard.magento.steps.CheckPageFiltersSteps.i_check_displayed_products_prices()
  Then I remove the Price filter                                                   # com.softwaretestingboard.magento.steps.WishListSteps.i_remove_the_Price_filter()
  Then I check that the items number displayed is increased                        # com.softwaretestingboard.magento.steps.WishListSteps.the_items_number_displayed_is_increased()
  When I add the first item to the Wish List                                       # com.softwaretestingboard.magento.steps.WishListSteps.i_add_the_first_item_to_the_Wish_List()
  Then I see a successful message with text and icon                               # com.softwaretestingboard.magento.steps.WishListSteps.i_see_a_successful_message_with_text_and_icon()
Element to wishListCounter: 1
DASdasdASdAS: 1 item
  Then I check that the correct number of items is displayed in My Wish List       # com.softwaretestingboard.magento.steps.WishListSteps.i_check_the_right_number_of_items_is_displayed_in_my_wish_list()
]]></system-out>
  </testcase>
  <testcase name="runScenario[&quot;Add items to Shopping Cart and verify the total&quot;, &quot;Wish list test&quot;](5)" classname="com.softwaretestingboard.magento.runners.TestRunner" time="13.743">
    <system-out><![CDATA[
Scenario: Add items to Shopping Cart and verify the total                                                  # src/test/resources/features/04_WishListTest.feature:23
  Given I am on the home page                                                                              # com.softwaretestingboard.magento.steps.common.CommonSteps.i_am_on_the_home_page()
  And I sign in                                                                                            # com.softwaretestingboard.magento.steps.common.CommonSteps.i_sign_in()
  When I hover the Women dropdown on the store menu                                                        # com.softwaretestingboard.magento.steps.CheckPageFiltersSteps.i_hover_the_women_dropdown_on_the_store_menu()
  And I hover over the Tops dropdown                                                                       # com.softwaretestingboard.magento.steps.CheckPageFiltersSteps.i_hover_over_the_tops_dropdown()
  And I click on the Jacket menu option                                                                    # com.softwaretestingboard.magento.steps.CheckPageFiltersSteps.i_click_on_the_jacket_menu_option()
  And I click on the Color menu option                                                                     # com.softwaretestingboard.magento.steps.CheckPageFiltersSteps.i_click_on_the_color_menu_option()
  And I choose a color                                                                                     # com.softwaretestingboard.magento.steps.CheckPageFiltersSteps.i_choose_a_color()
  Then I should see all displayed products with the selected color bordered in red                         # com.softwaretestingboard.magento.steps.CheckPageFiltersSteps.i_should_see_all_displayed_products_with_the_selected_color_bordered_in_red()
  When I click on the Price dropdown and select the first option                                           # com.softwaretestingboard.magento.steps.CheckPageFiltersSteps.i_click_on_the_price_dropdown_and_select_the_first_option()
  And I check each displayed product should have a price within the range selected                         # com.softwaretestingboard.magento.steps.CheckPageFiltersSteps.i_check_displayed_products_prices()
  When I add all displayed items to the shopping cart selecting appropriate sizes                          # com.softwaretestingboard.magento.steps.ShoppingCartSteps.i_add_all_displayed_items_by_selecting_appropriate_sizes()
  Then I check a success message with a confirmation icon should be displayed                              # com.softwaretestingboard.magento.steps.ShoppingCartSteps.i_check_success_message()
  When I click on the shopping cart link in the success message                                            # com.softwaretestingboard.magento.steps.ShoppingCartSteps.i_click_on_the_shopping_cart_link_in_the_success_message()
  Then I check that the Shopping Cart page should be displayed                                             # com.softwaretestingboard.magento.steps.ShoppingCartSteps.i_check_displayed_shopping_cart_page()
expectedSum: 56.25
totalItemSum: 56.25
  And I check that the sum of the prices for all items should equal the Order Total in the Summary section # com.softwaretestingboard.magento.steps.ShoppingCartSteps.i_check_total_item_prices_equal_order_total()
]]></system-out>
  </testcase>
</testsuite>