<?xml version="1.0" encoding="UTF-8"?>
<!-- Generated by org.testng.reporters.JUnitReportReporter -->
<testsuite hostname="LHIND-N211737" failures="0" tests="5" name="com.softwaretestingboard.magento.runners.TestRunner" time="53.370" errors="0" timestamp="2024-08-01T22:53:04 CEST" skipped="0">
  <testcase classname="com.softwaretestingboard.magento.runners.TestRunner" name="runScenario" time="13.742"/>
  <testcase classname="com.softwaretestingboard.magento.runners.TestRunner" name="runScenario" time="9.158"/>
  <testcase classname="com.softwaretestingboard.magento.runners.TestRunner" name="runScenario" time="8.400"/>
  <testcase classname="com.softwaretestingboard.magento.runners.TestRunner" name="runScenario" time="9.553"/>
  <testcase classname="com.softwaretestingboard.magento.runners.TestRunner" name="runScenario" time="12.517"/>
</testsuite> <!-- com.softwaretestingboard.magento.runners.TestRunner -->
